<?xml version="1.0" encoding="UTF-8"?>
<testsuites>
  <testsuite name="CLI Arguments" tests="62" assertions="3" errors="59" failures="0" skipped="0" time="0.111729">
    <testsuite name="Dantweb\Ecommwatch\Tests\Unit\App\Command\ImportModelCommandTest" file="/app/core/tests/Unit/App/Command/ImportModelCommandTest.php" tests="4" assertions="0" errors="4" failures="0" skipped="0" time="0.000000">
      <testcase name="testCsvNotFound" file="/app/core/tests/Unit/App/Command/ImportModelCommandTest.php" line="51" class="Dantweb\Ecommwatch\Tests\Unit\App\Command\ImportModelCommandTest" classname="Dantweb.Ecommwatch.Tests.Unit.App.Command.ImportModelCommandTest" assertions="0" time="0.000000">
        <error type="PDOException">Dantweb\Ecommwatch\Tests\Unit\App\Command\ImportModelCommandTest::testCsvNotFound
PDOException: SQLSTATE[HY000] [2002] No such file or directory

/app/core/src/Framework/Middleware/DatabaseConnector.php:104
/app/core/src/Framework/Middleware/DatabaseConnector.php:68
/app/core/src/Framework/Middleware/DatabaseConnector.php:79
/app/core/tests/Unit/App/Command/ImportModelCommandTest.php:32</error>
      </testcase>
      <testcase name="testModelYamlMissing" file="/app/core/tests/Unit/App/Command/ImportModelCommandTest.php" line="67" class="Dantweb\Ecommwatch\Tests\Unit\App\Command\ImportModelCommandTest" classname="Dantweb.Ecommwatch.Tests.Unit.App.Command.ImportModelCommandTest" assertions="0" time="0.000000">
        <error type="PDOException">Dantweb\Ecommwatch\Tests\Unit\App\Command\ImportModelCommandTest::testModelYamlMissing
PDOException: SQLSTATE[HY000] [2002] No such file or directory

/app/core/src/Framework/Middleware/DatabaseConnector.php:104
/app/core/src/Framework/Middleware/DatabaseConnector.php:68
/app/core/src/Framework/Middleware/DatabaseConnector.php:79
/app/core/tests/Unit/App/Command/ImportModelCommandTest.php:32</error>
      </testcase>
      <testcase name="testMapYamlMissing" file="/app/core/tests/Unit/App/Command/ImportModelCommandTest.php" line="85" class="Dantweb\Ecommwatch\Tests\Unit\App\Command\ImportModelCommandTest" classname="Dantweb.Ecommwatch.Tests.Unit.App.Command.ImportModelCommandTest" assertions="0" time="0.000000">
        <error type="PDOException">Dantweb\Ecommwatch\Tests\Unit\App\Command\ImportModelCommandTest::testMapYamlMissing
PDOException: SQLSTATE[HY000] [2002] No such file or directory

/app/core/src/Framework/Middleware/DatabaseConnector.php:104
/app/core/src/Framework/Middleware/DatabaseConnector.php:68
/app/core/src/Framework/Middleware/DatabaseConnector.php:79
/app/core/tests/Unit/App/Command/ImportModelCommandTest.php:32</error>
      </testcase>
      <testcase name="testSuccessfulImport" file="/app/core/tests/Unit/App/Command/ImportModelCommandTest.php" line="103" class="Dantweb\Ecommwatch\Tests\Unit\App\Command\ImportModelCommandTest" classname="Dantweb.Ecommwatch.Tests.Unit.App.Command.ImportModelCommandTest" assertions="0" time="0.000000">
        <error type="PDOException">Dantweb\Ecommwatch\Tests\Unit\App\Command\ImportModelCommandTest::testSuccessfulImport
PDOException: SQLSTATE[HY000] [2002] No such file or directory

/app/core/src/Framework/Middleware/DatabaseConnector.php:104
/app/core/src/Framework/Middleware/DatabaseConnector.php:68
/app/core/src/Framework/Middleware/DatabaseConnector.php:79
/app/core/tests/Unit/App/Command/ImportModelCommandTest.php:32</error>
      </testcase>
    </testsuite>
    <testsuite name="Dantweb\Ecommwatch\Tests\Unit\App\Command\InstallPluginCommandTest" file="/app/core/tests/Unit/App/Command/InstallPluginCommandTest.php" tests="3" assertions="1" errors="2" failures="0" skipped="0" time="0.054147">
      <testcase name="testPluginIdIsRequired" file="/app/core/tests/Unit/App/Command/InstallPluginCommandTest.php" line="33" class="Dantweb\Ecommwatch\Tests\Unit\App\Command\InstallPluginCommandTest" classname="Dantweb.Ecommwatch.Tests.Unit.App.Command.InstallPluginCommandTest" assertions="1" time="0.027736"/>
      <testcase name="testInvalidPluginIdGivesFailure" file="/app/core/tests/Unit/App/Command/InstallPluginCommandTest.php" line="43" class="Dantweb\Ecommwatch\Tests\Unit\App\Command\InstallPluginCommandTest" classname="Dantweb.Ecommwatch.Tests.Unit.App.Command.InstallPluginCommandTest" assertions="0" time="0.016131">
        <error type="PDOException">Dantweb\Ecommwatch\Tests\Unit\App\Command\InstallPluginCommandTest::testInvalidPluginIdGivesFailure
PDOException: SQLSTATE[HY000] [2002] No such file or directory

/app/core/src/Framework/Middleware/DatabaseConnector.php:104
/app/core/src/Framework/Middleware/DatabaseConnector.php:68
/app/core/src/Framework/Middleware/DatabaseConnector.php:79
/app/core/src/Framework/Application/AbstractPlugin.php:39
/app/core/src/Framework/Application/PluginManager.php:124
/app/core/src/Framework/Application/PluginManager.php:59
/app/core/src/Framework/Application/PluginManager.php:22
/app/core/src/App/Command/InstallPluginCommand.php:38
/app/core/vendor/symfony/console/Command/Command.php:318
/app/core/vendor/symfony/console/Tester/CommandTester.php:72
/app/core/tests/Unit/App/Command/InstallPluginCommandTest.php:49</error>
      </testcase>
      <testcase name="testValidPluginInstallsSuccessfully" file="/app/core/tests/Unit/App/Command/InstallPluginCommandTest.php" line="55" class="Dantweb\Ecommwatch\Tests\Unit\App\Command\InstallPluginCommandTest" classname="Dantweb.Ecommwatch.Tests.Unit.App.Command.InstallPluginCommandTest" assertions="0" time="0.010279">
        <error type="PDOException">Dantweb\Ecommwatch\Tests\Unit\App\Command\InstallPluginCommandTest::testValidPluginInstallsSuccessfully
PDOException: SQLSTATE[HY000] [2002] No such file or directory

/app/core/src/Framework/Middleware/DatabaseConnector.php:104
/app/core/src/Framework/Middleware/DatabaseConnector.php:68
/app/core/src/Framework/Middleware/DatabaseConnector.php:79
/app/core/src/Framework/Application/AbstractPlugin.php:39
/app/core/src/Framework/Application/PluginManager.php:124
/app/core/src/Framework/Application/PluginManager.php:59
/app/core/src/Framework/Application/PluginManager.php:22
/app/core/tests/Unit/App/Command/InstallPluginCommandTest.php:57</error>
      </testcase>
    </testsuite>
    <testsuite name="Dantweb\Ecommwatch\Tests\Unit\App\Command\MigratePluginCommandTest" file="/app/core/tests/Unit/App/Command/MigratePluginCommandTest.php" tests="3" assertions="0" errors="3" failures="0" skipped="0" time="0.000000">
      <testcase name="testInvalidPluginIdFails" file="/app/core/tests/Unit/App/Command/MigratePluginCommandTest.php" line="47" class="Dantweb\Ecommwatch\Tests\Unit\App\Command\MigratePluginCommandTest" classname="Dantweb.Ecommwatch.Tests.Unit.App.Command.MigratePluginCommandTest" assertions="0" time="0.000000">
        <error type="PDOException">Dantweb\Ecommwatch\Tests\Unit\App\Command\MigratePluginCommandTest::testInvalidPluginIdFails
PDOException: SQLSTATE[HY000] [2002] No such file or directory

/app/core/src/Framework/Middleware/DatabaseConnector.php:104
/app/core/src/Framework/Middleware/DatabaseConnector.php:68
/app/core/src/Framework/Middleware/DatabaseConnector.php:79
/app/core/tests/Unit/App/Command/MigratePluginCommandTest.php:32</error>
      </testcase>
      <testcase name="testValidPluginMigratesModels" file="/app/core/tests/Unit/App/Command/MigratePluginCommandTest.php" line="57" class="Dantweb\Ecommwatch\Tests\Unit\App\Command\MigratePluginCommandTest" classname="Dantweb.Ecommwatch.Tests.Unit.App.Command.MigratePluginCommandTest" assertions="0" time="0.000000">
        <error type="PDOException">Dantweb\Ecommwatch\Tests\Unit\App\Command\MigratePluginCommandTest::testValidPluginMigratesModels
PDOException: SQLSTATE[HY000] [2002] No such file or directory

/app/core/src/Framework/Middleware/DatabaseConnector.php:104
/app/core/src/Framework/Middleware/DatabaseConnector.php:68
/app/core/src/Framework/Middleware/DatabaseConnector.php:79
/app/core/tests/Unit/App/Command/MigratePluginCommandTest.php:32</error>
      </testcase>
      <testcase name="testMigrationErrorThrowsException" file="/app/core/tests/Unit/App/Command/MigratePluginCommandTest.php" line="83" class="Dantweb\Ecommwatch\Tests\Unit\App\Command\MigratePluginCommandTest" classname="Dantweb.Ecommwatch.Tests.Unit.App.Command.MigratePluginCommandTest" assertions="0" time="0.000000">
        <error type="PDOException">Dantweb\Ecommwatch\Tests\Unit\App\Command\MigratePluginCommandTest::testMigrationErrorThrowsException
PDOException: SQLSTATE[HY000] [2002] No such file or directory

/app/core/src/Framework/Middleware/DatabaseConnector.php:104
/app/core/src/Framework/Middleware/DatabaseConnector.php:68
/app/core/src/Framework/Middleware/DatabaseConnector.php:79
/app/core/tests/Unit/App/Command/MigratePluginCommandTest.php:32</error>
      </testcase>
    </testsuite>
    <testsuite name="Dantweb\Ecommwatch\Tests\Unit\App\Controller\DataControllerTest" file="/app/core/tests/Unit/App/Controller/DataControllerTest.php" tests="2" assertions="1" errors="1" failures="0" skipped="0" time="0.010685">
      <testcase name="testExpressionResolverServiceIsWired" file="/app/core/tests/Unit/App/Controller/DataControllerTest.php" line="39" class="Dantweb\Ecommwatch\Tests\Unit\App\Controller\DataControllerTest" classname="Dantweb.Ecommwatch.Tests.Unit.App.Controller.DataControllerTest" assertions="1" time="0.003038"/>
      <testcase name="testResolveDailyOrderCount" file="/app/core/tests/Unit/App/Controller/DataControllerTest.php" line="45" class="Dantweb\Ecommwatch\Tests\Unit\App\Controller\DataControllerTest" classname="Dantweb.Ecommwatch.Tests.Unit.App.Controller.DataControllerTest" assertions="0" time="0.007648">
        <error type="PDOException">Dantweb\Ecommwatch\Tests\Unit\App\Controller\DataControllerTest::testResolveDailyOrderCount
PDOException: SQLSTATE[HY000] [2002] No such file or directory

/app/core/src/Framework/Middleware/DatabaseConnector.php:104
/app/core/src/Framework/Middleware/DatabaseConnector.php:68
/app/core/src/Framework/Middleware/DatabaseConnector.php:79
/app/core/src/Framework/Application/AbstractPlugin.php:39
/app/core/src/Framework/Application/PluginManager.php:124
/app/core/src/Framework/Application/PluginManager.php:59
/app/core/src/Framework/Application/PluginManager.php:22
/app/core/src/Framework/Service/ModelResolver.php:136
/app/core/src/Framework/Service/ModelResolver.php:32
/app/core/src/Framework/Service/ExpressionEvaluator.php:59
/app/core/src/Framework/Service/ExpressionEvaluator.php:26
/app/core/src/Framework/Service/ExpressionEvaluator.php:36
/app/core/src/Framework/Service/ExpressionResolver.php:32
/app/core/tests/Unit/App/Controller/DataControllerTest.php:55</error>
      </testcase>
    </testsuite>
    <testsuite name="Dantweb\Ecommwatch\Tests\Unit\App\KernelTest" file="/app/core/tests/Unit/App/KernelTest.php" tests="1" assertions="1" errors="0" failures="0" skipped="0" time="0.001246">
      <testcase name="testKernelBoots" file="/app/core/tests/Unit/App/KernelTest.php" line="12" class="Dantweb\Ecommwatch\Tests\Unit\App\KernelTest" classname="Dantweb.Ecommwatch.Tests.Unit.App.KernelTest" assertions="1" time="0.001246"/>
    </testsuite>
    <testsuite name="Dantweb\Ecommwatch\Tests\Unit\Framework\Application\BasePluginTest" file="/app/core/tests/Unit/Framework/Application/BasePluginTest.php" tests="4" assertions="0" errors="4" failures="0" skipped="0" time="0.000000">
      <testcase name="testBasePluginCanBeInstantiated" file="/app/core/tests/Unit/Framework/Application/BasePluginTest.php" line="14" class="Dantweb\Ecommwatch\Tests\Unit\Framework\Application\BasePluginTest" classname="Dantweb.Ecommwatch.Tests.Unit.Framework.Application.BasePluginTest" assertions="0" time="0.000000">
        <error type="PDOException">Dantweb\Ecommwatch\Tests\Unit\Framework\Application\BasePluginTest::testBasePluginCanBeInstantiated
PDOException: SQLSTATE[HY000] [2002] No such file or directory

/app/core/src/Framework/Middleware/DatabaseConnector.php:104
/app/core/src/Framework/Middleware/DatabaseConnector.php:68
/app/core/src/Framework/Middleware/DatabaseConnector.php:79
/app/core/tests/Unit/Framework/Application/AppTrait.php:28</error>
      </testcase>
      <testcase name="testGetMigratedModelsReturnsArray" file="/app/core/tests/Unit/Framework/Application/BasePluginTest.php" line="22" class="Dantweb\Ecommwatch\Tests\Unit\Framework\Application\BasePluginTest" classname="Dantweb.Ecommwatch.Tests.Unit.Framework.Application.BasePluginTest" assertions="0" time="0.000000">
        <error type="PDOException">Dantweb\Ecommwatch\Tests\Unit\Framework\Application\BasePluginTest::testGetMigratedModelsReturnsArray
PDOException: SQLSTATE[HY000] [2002] No such file or directory

/app/core/src/Framework/Middleware/DatabaseConnector.php:104
/app/core/src/Framework/Middleware/DatabaseConnector.php:68
/app/core/src/Framework/Middleware/DatabaseConnector.php:79
/app/core/tests/Unit/Framework/Application/AppTrait.php:28</error>
      </testcase>
      <testcase name="testGetEcwModelsReturnsArray" file="/app/core/tests/Unit/Framework/Application/BasePluginTest.php" line="30" class="Dantweb\Ecommwatch\Tests\Unit\Framework\Application\BasePluginTest" classname="Dantweb.Ecommwatch.Tests.Unit.Framework.Application.BasePluginTest" assertions="0" time="0.000000">
        <error type="PDOException">Dantweb\Ecommwatch\Tests\Unit\Framework\Application\BasePluginTest::testGetEcwModelsReturnsArray
PDOException: SQLSTATE[HY000] [2002] No such file or directory

/app/core/src/Framework/Middleware/DatabaseConnector.php:104
/app/core/src/Framework/Middleware/DatabaseConnector.php:68
/app/core/src/Framework/Middleware/DatabaseConnector.php:79
/app/core/tests/Unit/Framework/Application/AppTrait.php:28</error>
      </testcase>
      <testcase name="testIsInstalledReturnsBool" file="/app/core/tests/Unit/Framework/Application/BasePluginTest.php" line="39" class="Dantweb\Ecommwatch\Tests\Unit\Framework\Application\BasePluginTest" classname="Dantweb.Ecommwatch.Tests.Unit.Framework.Application.BasePluginTest" assertions="0" time="0.000000">
        <error type="PDOException">Dantweb\Ecommwatch\Tests\Unit\Framework\Application\BasePluginTest::testIsInstalledReturnsBool
PDOException: SQLSTATE[HY000] [2002] No such file or directory

/app/core/src/Framework/Middleware/DatabaseConnector.php:104
/app/core/src/Framework/Middleware/DatabaseConnector.php:68
/app/core/src/Framework/Middleware/DatabaseConnector.php:79
/app/core/tests/Unit/Framework/Application/AppTrait.php:28</error>
      </testcase>
    </testsuite>
    <testsuite name="Dantweb\Ecommwatch\Tests\Unit\Framework\Application\PluginManagerTest" file="/app/core/tests/Unit/Framework/Application/PluginManagerTest.php" tests="4" assertions="0" errors="4" failures="0" skipped="0" time="0.000000">
      <testcase name="testGetAvailablePluginsReturnsArray" file="/app/core/tests/Unit/Framework/Application/PluginManagerTest.php" line="15" class="Dantweb\Ecommwatch\Tests\Unit\Framework\Application\PluginManagerTest" classname="Dantweb.Ecommwatch.Tests.Unit.Framework.Application.PluginManagerTest" assertions="0" time="0.000000">
        <error type="PDOException">Dantweb\Ecommwatch\Tests\Unit\Framework\Application\PluginManagerTest::testGetAvailablePluginsReturnsArray
PDOException: SQLSTATE[HY000] [2002] No such file or directory

/app/core/src/Framework/Middleware/DatabaseConnector.php:104
/app/core/src/Framework/Middleware/DatabaseConnector.php:68
/app/core/src/Framework/Middleware/DatabaseConnector.php:79
/app/core/tests/Unit/Framework/Application/AppTrait.php:28</error>
      </testcase>
      <testcase name="testGetInstalledPluginsReturnsPluginArray" file="/app/core/tests/Unit/Framework/Application/PluginManagerTest.php" line="22" class="Dantweb\Ecommwatch\Tests\Unit\Framework\Application\PluginManagerTest" classname="Dantweb.Ecommwatch.Tests.Unit.Framework.Application.PluginManagerTest" assertions="0" time="0.000000">
        <error type="PDOException">Dantweb\Ecommwatch\Tests\Unit\Framework\Application\PluginManagerTest::testGetInstalledPluginsReturnsPluginArray
PDOException: SQLSTATE[HY000] [2002] No such file or directory

/app/core/src/Framework/Middleware/DatabaseConnector.php:104
/app/core/src/Framework/Middleware/DatabaseConnector.php:68
/app/core/src/Framework/Middleware/DatabaseConnector.php:79
/app/core/tests/Unit/Framework/Application/AppTrait.php:28</error>
      </testcase>
      <testcase name="testGetPluginObjReturnsCorrectInstance" file="/app/core/tests/Unit/Framework/Application/PluginManagerTest.php" line="33" class="Dantweb\Ecommwatch\Tests\Unit\Framework\Application\PluginManagerTest" classname="Dantweb.Ecommwatch.Tests.Unit.Framework.Application.PluginManagerTest" assertions="0" time="0.000000">
        <error type="PDOException">Dantweb\Ecommwatch\Tests\Unit\Framework\Application\PluginManagerTest::testGetPluginObjReturnsCorrectInstance
PDOException: SQLSTATE[HY000] [2002] No such file or directory

/app/core/src/Framework/Middleware/DatabaseConnector.php:104
/app/core/src/Framework/Middleware/DatabaseConnector.php:68
/app/core/src/Framework/Middleware/DatabaseConnector.php:79
/app/core/tests/Unit/Framework/Application/AppTrait.php:28</error>
      </testcase>
      <testcase name="testGetAllMigratedEcwModels" file="/app/core/tests/Unit/Framework/Application/PluginManagerTest.php" line="47" class="Dantweb\Ecommwatch\Tests\Unit\Framework\Application\PluginManagerTest" classname="Dantweb.Ecommwatch.Tests.Unit.Framework.Application.PluginManagerTest" assertions="0" time="0.000000">
        <error type="PDOException">Dantweb\Ecommwatch\Tests\Unit\Framework\Application\PluginManagerTest::testGetAllMigratedEcwModels
PDOException: SQLSTATE[HY000] [2002] No such file or directory

/app/core/src/Framework/Middleware/DatabaseConnector.php:104
/app/core/src/Framework/Middleware/DatabaseConnector.php:68
/app/core/src/Framework/Middleware/DatabaseConnector.php:79
/app/core/tests/Unit/Framework/Application/AppTrait.php:28</error>
      </testcase>
    </testsuite>
    <testsuite name="Dantweb\Ecommwatch\Tests\Unit\Framework\Application\PluginResolverTest" file="/app/core/tests/Unit/Framework/Application/PluginResolverTest.php" tests="1" assertions="0" errors="1" failures="0" skipped="0" time="0.000000">
      <testcase name="testInstalledPlugins" file="/app/core/tests/Unit/Framework/Application/PluginResolverTest.php" line="15" class="Dantweb\Ecommwatch\Tests\Unit\Framework\Application\PluginResolverTest" classname="Dantweb.Ecommwatch.Tests.Unit.Framework.Application.PluginResolverTest" assertions="0" time="0.000000">
        <error type="PDOException">Dantweb\Ecommwatch\Tests\Unit\Framework\Application\PluginResolverTest::testInstalledPlugins
PDOException: SQLSTATE[HY000] [2002] No such file or directory

/app/core/src/Framework/Middleware/DatabaseConnector.php:104
/app/core/src/Framework/Middleware/DatabaseConnector.php:68
/app/core/src/Framework/Middleware/DatabaseConnector.php:79
/app/core/tests/Unit/Framework/Application/AppTrait.php:28</error>
      </testcase>
    </testsuite>
    <testsuite name="Dantweb\Ecommwatch\Tests\Unit\Framework\ExpressionResolverTest" file="/app/core/tests/Unit/Framework/ExpressionResolverTest.php" tests="7" assertions="0" errors="7" failures="0" skipped="0" time="0.000000">
      <testcase name="testDailyExpressionReturnsCorrectCount" file="/app/core/tests/Unit/Framework/ExpressionResolverTest.php" line="122" class="Dantweb\Ecommwatch\Tests\Unit\Framework\ExpressionResolverTest" classname="Dantweb.Ecommwatch.Tests.Unit.Framework.ExpressionResolverTest" assertions="0" time="0.000000">
        <error type="PDOException">Dantweb\Ecommwatch\Tests\Unit\Framework\ExpressionResolverTest::testDailyExpressionReturnsCorrectCount
PDOException: SQLSTATE[HY000] [2002] No such file or directory

/app/core/src/Framework/Middleware/DatabaseConnector.php:104
/app/core/src/Framework/Middleware/DatabaseConnector.php:68
/app/core/src/Framework/Middleware/DatabaseConnector.php:79
/app/core/tests/Unit/DemoDataImportTrait.php:30
/app/core/tests/Unit/Framework/ExpressionResolverTest.php:23</error>
      </testcase>
      <testcase name="testMonthExpressionThrowsExceptionOnInsufficientTimespan" file="/app/core/tests/Unit/Framework/ExpressionResolverTest.php" line="134" class="Dantweb\Ecommwatch\Tests\Unit\Framework\ExpressionResolverTest" classname="Dantweb.Ecommwatch.Tests.Unit.Framework.ExpressionResolverTest" assertions="0" time="0.000000">
        <error type="PDOException">Dantweb\Ecommwatch\Tests\Unit\Framework\ExpressionResolverTest::testMonthExpressionThrowsExceptionOnInsufficientTimespan
PDOException: SQLSTATE[HY000] [2002] No such file or directory

/app/core/src/Framework/Middleware/DatabaseConnector.php:104
/app/core/src/Framework/Middleware/DatabaseConnector.php:68
/app/core/src/Framework/Middleware/DatabaseConnector.php:79
/app/core/tests/Unit/DemoDataImportTrait.php:30
/app/core/tests/Unit/Framework/ExpressionResolverTest.php:23</error>
      </testcase>
      <testcase name="testComposableExpressions1" file="/app/core/tests/Unit/Framework/ExpressionResolverTest.php" line="145" class="Dantweb\Ecommwatch\Tests\Unit\Framework\ExpressionResolverTest" classname="Dantweb.Ecommwatch.Tests.Unit.Framework.ExpressionResolverTest" assertions="0" time="0.000000">
        <error type="PDOException">Dantweb\Ecommwatch\Tests\Unit\Framework\ExpressionResolverTest::testComposableExpressions1
PDOException: SQLSTATE[HY000] [2002] No such file or directory

/app/core/src/Framework/Middleware/DatabaseConnector.php:104
/app/core/src/Framework/Middleware/DatabaseConnector.php:68
/app/core/src/Framework/Middleware/DatabaseConnector.php:79
/app/core/tests/Unit/DemoDataImportTrait.php:30
/app/core/tests/Unit/Framework/ExpressionResolverTest.php:23</error>
      </testcase>
      <testcase name="testComposableExpressions2" file="/app/core/tests/Unit/Framework/ExpressionResolverTest.php" line="162" class="Dantweb\Ecommwatch\Tests\Unit\Framework\ExpressionResolverTest" classname="Dantweb.Ecommwatch.Tests.Unit.Framework.ExpressionResolverTest" assertions="0" time="0.000000">
        <error type="PDOException">Dantweb\Ecommwatch\Tests\Unit\Framework\ExpressionResolverTest::testComposableExpressions2
PDOException: SQLSTATE[HY000] [2002] No such file or directory

/app/core/src/Framework/Middleware/DatabaseConnector.php:104
/app/core/src/Framework/Middleware/DatabaseConnector.php:68
/app/core/src/Framework/Middleware/DatabaseConnector.php:79
/app/core/tests/Unit/DemoDataImportTrait.php:30
/app/core/tests/Unit/Framework/ExpressionResolverTest.php:23</error>
      </testcase>
      <testcase name="testComposableExpressions3" file="/app/core/tests/Unit/Framework/ExpressionResolverTest.php" line="172" class="Dantweb\Ecommwatch\Tests\Unit\Framework\ExpressionResolverTest" classname="Dantweb.Ecommwatch.Tests.Unit.Framework.ExpressionResolverTest" assertions="0" time="0.000000">
        <error type="PDOException">Dantweb\Ecommwatch\Tests\Unit\Framework\ExpressionResolverTest::testComposableExpressions3
PDOException: SQLSTATE[HY000] [2002] No such file or directory

/app/core/src/Framework/Middleware/DatabaseConnector.php:104
/app/core/src/Framework/Middleware/DatabaseConnector.php:68
/app/core/src/Framework/Middleware/DatabaseConnector.php:79
/app/core/tests/Unit/DemoDataImportTrait.php:30
/app/core/tests/Unit/Framework/ExpressionResolverTest.php:23</error>
      </testcase>
      <testcase name="testComposableExpressions4" file="/app/core/tests/Unit/Framework/ExpressionResolverTest.php" line="183" class="Dantweb\Ecommwatch\Tests\Unit\Framework\ExpressionResolverTest" classname="Dantweb.Ecommwatch.Tests.Unit.Framework.ExpressionResolverTest" assertions="0" time="0.000000">
        <error type="PDOException">Dantweb\Ecommwatch\Tests\Unit\Framework\ExpressionResolverTest::testComposableExpressions4
PDOException: SQLSTATE[HY000] [2002] No such file or directory

/app/core/src/Framework/Middleware/DatabaseConnector.php:104
/app/core/src/Framework/Middleware/DatabaseConnector.php:68
/app/core/src/Framework/Middleware/DatabaseConnector.php:79
/app/core/tests/Unit/DemoDataImportTrait.php:30
/app/core/tests/Unit/Framework/ExpressionResolverTest.php:23</error>
      </testcase>
      <testcase name="testComposableExpressions5" file="/app/core/tests/Unit/Framework/ExpressionResolverTest.php" line="193" class="Dantweb\Ecommwatch\Tests\Unit\Framework\ExpressionResolverTest" classname="Dantweb.Ecommwatch.Tests.Unit.Framework.ExpressionResolverTest" assertions="0" time="0.000000">
        <error type="PDOException">Dantweb\Ecommwatch\Tests\Unit\Framework\ExpressionResolverTest::testComposableExpressions5
PDOException: SQLSTATE[HY000] [2002] No such file or directory

/app/core/src/Framework/Middleware/DatabaseConnector.php:104
/app/core/src/Framework/Middleware/DatabaseConnector.php:68
/app/core/src/Framework/Middleware/DatabaseConnector.php:79
/app/core/tests/Unit/DemoDataImportTrait.php:30
/app/core/tests/Unit/Framework/ExpressionResolverTest.php:23</error>
      </testcase>
    </testsuite>
    <testsuite name="Dantweb\Ecommwatch\Tests\Unit\Framework\Middleware\BaseCsvAdapterMigratorImportDataTest" file="/app/core/tests/Unit/Framework/Middleware/BaseCsvAdapterMigratorImportDataTest.php" tests="1" assertions="0" errors="1" failures="0" skipped="0" time="0.000000">
      <testcase name="testImportedDemoDataContainsCorrectValues" file="/app/core/tests/Unit/Framework/Middleware/BaseCsvAdapterMigratorImportDataTest.php" line="28" class="Dantweb\Ecommwatch\Tests\Unit\Framework\Middleware\BaseCsvAdapterMigratorImportDataTest" classname="Dantweb.Ecommwatch.Tests.Unit.Framework.Middleware.BaseCsvAdapterMigratorImportDataTest" assertions="0" time="0.000000">
        <error type="PDOException">Dantweb\Ecommwatch\Tests\Unit\Framework\Middleware\BaseCsvAdapterMigratorImportDataTest::testImportedDemoDataContainsCorrectValues
PDOException: SQLSTATE[HY000] [2002] No such file or directory

/app/core/src/Framework/Middleware/DatabaseConnector.php:104
/app/core/src/Framework/Middleware/DatabaseConnector.php:68
/app/core/src/Framework/Middleware/DatabaseConnector.php:79
/app/core/tests/Unit/DemoDataImportTrait.php:30
/app/core/tests/Unit/Framework/Middleware/BaseCsvAdapterMigratorImportDataTest.php:23</error>
      </testcase>
    </testsuite>
    <testsuite name="Dantweb\Ecommwatch\Tests\Unit\Framework\Middleware\BaseModelMigratorTest" file="/app/core/tests/Unit/Framework/Middleware/BaseModelMigratorTest.php" tests="2" assertions="0" errors="2" failures="0" skipped="0" time="0.001818">
      <testcase name="testGetMigrationPlanReturnsModels" file="/app/core/tests/Unit/Framework/Middleware/BaseModelMigratorTest.php" line="47" class="Dantweb\Ecommwatch\Tests\Unit\Framework\Middleware\BaseModelMigratorTest" classname="Dantweb.Ecommwatch.Tests.Unit.Framework.Middleware.BaseModelMigratorTest" assertions="0" time="0.000919">
        <error type="PDOException">Dantweb\Ecommwatch\Tests\Unit\Framework\Middleware\BaseModelMigratorTest::testGetMigrationPlanReturnsModels
PDOException: SQLSTATE[HY000] [2002] No such file or directory

/app/core/src/Framework/Middleware/DatabaseConnector.php:104
/app/core/src/Framework/Middleware/DatabaseConnector.php:68
/app/core/src/Framework/Middleware/DatabaseConnector.php:79
/app/core/tests/Unit/Framework/Middleware/BaseModelMigratorTest.php:49</error>
      </testcase>
      <testcase name="testMigrationCreatesTablesWithCorrectStructure" file="/app/core/tests/Unit/Framework/Middleware/BaseModelMigratorTest.php" line="70" class="Dantweb\Ecommwatch\Tests\Unit\Framework\Middleware\BaseModelMigratorTest" classname="Dantweb.Ecommwatch.Tests.Unit.Framework.Middleware.BaseModelMigratorTest" assertions="0" time="0.000899">
        <error type="PDOException">Dantweb\Ecommwatch\Tests\Unit\Framework\Middleware\BaseModelMigratorTest::testMigrationCreatesTablesWithCorrectStructure
PDOException: SQLSTATE[HY000] [2002] No such file or directory

/app/core/src/Framework/Middleware/DatabaseConnector.php:104
/app/core/src/Framework/Middleware/DatabaseConnector.php:68
/app/core/src/Framework/Middleware/DatabaseConnector.php:79
/app/core/tests/Unit/Framework/Middleware/BaseModelMigratorTest.php:72</error>
      </testcase>
    </testsuite>
    <testsuite name="Dantweb\Ecommwatch\Tests\Unit\Framework\Middleware\BaseModelStatisticTest" file="/app/core/tests/Unit/Framework/Middleware/BaseModelStatisticTest.php" tests="5" assertions="0" errors="5" failures="0" skipped="0" time="0.000000">
      <testcase name="testTotalOrderBrutto" file="/app/core/tests/Unit/Framework/Middleware/BaseModelStatisticTest.php" line="24" class="Dantweb\Ecommwatch\Tests\Unit\Framework\Middleware\BaseModelStatisticTest" classname="Dantweb.Ecommwatch.Tests.Unit.Framework.Middleware.BaseModelStatisticTest" assertions="0" time="0.000000">
        <error type="PDOException">Dantweb\Ecommwatch\Tests\Unit\Framework\Middleware\BaseModelStatisticTest::testTotalOrderBrutto
PDOException: SQLSTATE[HY000] [2002] No such file or directory

/app/core/src/Framework/Middleware/DatabaseConnector.php:104
/app/core/src/Framework/Middleware/DatabaseConnector.php:68
/app/core/src/Framework/Middleware/DatabaseConnector.php:79
/app/core/tests/Unit/DemoDataImportTrait.php:30
/app/core/tests/Unit/Framework/Middleware/BaseModelStatisticTest.php:19</error>
      </testcase>
      <testcase name="testAverageOrderBrutto" file="/app/core/tests/Unit/Framework/Middleware/BaseModelStatisticTest.php" line="35" class="Dantweb\Ecommwatch\Tests\Unit\Framework\Middleware\BaseModelStatisticTest" classname="Dantweb.Ecommwatch.Tests.Unit.Framework.Middleware.BaseModelStatisticTest" assertions="0" time="0.000000">
        <error type="PDOException">Dantweb\Ecommwatch\Tests\Unit\Framework\Middleware\BaseModelStatisticTest::testAverageOrderBrutto
PDOException: SQLSTATE[HY000] [2002] No such file or directory

/app/core/src/Framework/Middleware/DatabaseConnector.php:104
/app/core/src/Framework/Middleware/DatabaseConnector.php:68
/app/core/src/Framework/Middleware/DatabaseConnector.php:79
/app/core/tests/Unit/DemoDataImportTrait.php:30
/app/core/tests/Unit/Framework/Middleware/BaseModelStatisticTest.php:19</error>
      </testcase>
      <testcase name="testMaxOrderBrutto" file="/app/core/tests/Unit/Framework/Middleware/BaseModelStatisticTest.php" line="47" class="Dantweb\Ecommwatch\Tests\Unit\Framework\Middleware\BaseModelStatisticTest" classname="Dantweb.Ecommwatch.Tests.Unit.Framework.Middleware.BaseModelStatisticTest" assertions="0" time="0.000000">
        <error type="PDOException">Dantweb\Ecommwatch\Tests\Unit\Framework\Middleware\BaseModelStatisticTest::testMaxOrderBrutto
PDOException: SQLSTATE[HY000] [2002] No such file or directory

/app/core/src/Framework/Middleware/DatabaseConnector.php:104
/app/core/src/Framework/Middleware/DatabaseConnector.php:68
/app/core/src/Framework/Middleware/DatabaseConnector.php:79
/app/core/tests/Unit/DemoDataImportTrait.php:30
/app/core/tests/Unit/Framework/Middleware/BaseModelStatisticTest.php:19</error>
      </testcase>
      <testcase name="testMinOrderBrutto" file="/app/core/tests/Unit/Framework/Middleware/BaseModelStatisticTest.php" line="58" class="Dantweb\Ecommwatch\Tests\Unit\Framework\Middleware\BaseModelStatisticTest" classname="Dantweb.Ecommwatch.Tests.Unit.Framework.Middleware.BaseModelStatisticTest" assertions="0" time="0.000000">
        <error type="PDOException">Dantweb\Ecommwatch\Tests\Unit\Framework\Middleware\BaseModelStatisticTest::testMinOrderBrutto
PDOException: SQLSTATE[HY000] [2002] No such file or directory

/app/core/src/Framework/Middleware/DatabaseConnector.php:104
/app/core/src/Framework/Middleware/DatabaseConnector.php:68
/app/core/src/Framework/Middleware/DatabaseConnector.php:79
/app/core/tests/Unit/DemoDataImportTrait.php:30
/app/core/tests/Unit/Framework/Middleware/BaseModelStatisticTest.php:19</error>
      </testcase>
      <testcase name="testCountOrders" file="/app/core/tests/Unit/Framework/Middleware/BaseModelStatisticTest.php" line="69" class="Dantweb\Ecommwatch\Tests\Unit\Framework\Middleware\BaseModelStatisticTest" classname="Dantweb.Ecommwatch.Tests.Unit.Framework.Middleware.BaseModelStatisticTest" assertions="0" time="0.000000">
        <error type="PDOException">Dantweb\Ecommwatch\Tests\Unit\Framework\Middleware\BaseModelStatisticTest::testCountOrders
PDOException: SQLSTATE[HY000] [2002] No such file or directory

/app/core/src/Framework/Middleware/DatabaseConnector.php:104
/app/core/src/Framework/Middleware/DatabaseConnector.php:68
/app/core/src/Framework/Middleware/DatabaseConnector.php:79
/app/core/tests/Unit/DemoDataImportTrait.php:30
/app/core/tests/Unit/Framework/Middleware/BaseModelStatisticTest.php:19</error>
      </testcase>
    </testsuite>
    <testsuite name="Dantweb\Ecommwatch\Tests\Unit\Framework\Middleware\DatabaseConnectorTest" file="/app/core/tests/Unit/Framework/Middleware/DatabaseConnectorTest.php" tests="4" assertions="0" errors="4" failures="0" skipped="0" time="0.000000">
      <testcase name="testDatabaseConnection" file="/app/core/tests/Unit/Framework/Middleware/DatabaseConnectorTest.php" line="21" class="Dantweb\Ecommwatch\Tests\Unit\Framework\Middleware\DatabaseConnectorTest" classname="Dantweb.Ecommwatch.Tests.Unit.Framework.Middleware.DatabaseConnectorTest" assertions="0" time="0.000000">
        <error type="PDOException">Dantweb\Ecommwatch\Tests\Unit\Framework\Middleware\DatabaseConnectorTest::testDatabaseConnection
PDOException: SQLSTATE[HY000] [2002] No such file or directory

/app/core/src/Framework/Middleware/DatabaseConnector.php:104
/app/core/src/Framework/Middleware/DatabaseConnector.php:68
/app/core/src/Framework/Middleware/DatabaseConnector.php:79
/app/core/tests/Unit/Framework/Middleware/DatabaseConnectorTest.php:18</error>
      </testcase>
      <testcase name="testCanExecuteShowTables" file="/app/core/tests/Unit/Framework/Middleware/DatabaseConnectorTest.php" line="29" class="Dantweb\Ecommwatch\Tests\Unit\Framework\Middleware\DatabaseConnectorTest" classname="Dantweb.Ecommwatch.Tests.Unit.Framework.Middleware.DatabaseConnectorTest" assertions="0" time="0.000000">
        <error type="PDOException">Dantweb\Ecommwatch\Tests\Unit\Framework\Middleware\DatabaseConnectorTest::testCanExecuteShowTables
PDOException: SQLSTATE[HY000] [2002] No such file or directory

/app/core/src/Framework/Middleware/DatabaseConnector.php:104
/app/core/src/Framework/Middleware/DatabaseConnector.php:68
/app/core/src/Framework/Middleware/DatabaseConnector.php:79
/app/core/tests/Unit/Framework/Middleware/DatabaseConnectorTest.php:18</error>
      </testcase>
      <testcase name="testConnectionErrorHandling" file="/app/core/tests/Unit/Framework/Middleware/DatabaseConnectorTest.php" line="41" class="Dantweb\Ecommwatch\Tests\Unit\Framework\Middleware\DatabaseConnectorTest" classname="Dantweb.Ecommwatch.Tests.Unit.Framework.Middleware.DatabaseConnectorTest" assertions="0" time="0.000000">
        <error type="PDOException">Dantweb\Ecommwatch\Tests\Unit\Framework\Middleware\DatabaseConnectorTest::testConnectionErrorHandling
PDOException: SQLSTATE[HY000] [2002] No such file or directory

/app/core/src/Framework/Middleware/DatabaseConnector.php:104
/app/core/src/Framework/Middleware/DatabaseConnector.php:68
/app/core/src/Framework/Middleware/DatabaseConnector.php:79
/app/core/tests/Unit/Framework/Middleware/DatabaseConnectorTest.php:18</error>
      </testcase>
      <testcase name="testPDOErrorMode" file="/app/core/tests/Unit/Framework/Middleware/DatabaseConnectorTest.php" line="54" class="Dantweb\Ecommwatch\Tests\Unit\Framework\Middleware\DatabaseConnectorTest" classname="Dantweb.Ecommwatch.Tests.Unit.Framework.Middleware.DatabaseConnectorTest" assertions="0" time="0.000000">
        <error type="PDOException">Dantweb\Ecommwatch\Tests\Unit\Framework\Middleware\DatabaseConnectorTest::testPDOErrorMode
PDOException: SQLSTATE[HY000] [2002] No such file or directory

/app/core/src/Framework/Middleware/DatabaseConnector.php:104
/app/core/src/Framework/Middleware/DatabaseConnector.php:68
/app/core/src/Framework/Middleware/DatabaseConnector.php:79
/app/core/tests/Unit/Framework/Middleware/DatabaseConnectorTest.php:18</error>
      </testcase>
    </testsuite>
    <testsuite name="Dantweb\Ecommwatch\Tests\Unit\Framework\Middleware\MigrationTest" file="/app/core/tests/Unit/Framework/Middleware/MigrationTest.php" tests="2" assertions="0" errors="2" failures="0" skipped="0" time="0.000000">
      <testcase name="testMigrationForNewTable" file="/app/core/tests/Unit/Framework/Middleware/MigrationTest.php" line="34" class="Dantweb\Ecommwatch\Tests\Unit\Framework\Middleware\MigrationTest" classname="Dantweb.Ecommwatch.Tests.Unit.Framework.Middleware.MigrationTest" assertions="0" time="0.000000">
        <error type="PDOException">Dantweb\Ecommwatch\Tests\Unit\Framework\Middleware\MigrationTest::testMigrationForNewTable
PDOException: SQLSTATE[HY000] [2002] No such file or directory

/app/core/src/Framework/Middleware/DatabaseConnector.php:104
/app/core/src/Framework/Middleware/DatabaseConnector.php:68
/app/core/src/Framework/Middleware/DatabaseConnector.php:79
/app/core/tests/Unit/Framework/Middleware/MigrationTest.php:20</error>
      </testcase>
      <testcase name="testMigrationForExistingTableWithSchemaChange" file="/app/core/tests/Unit/Framework/Middleware/MigrationTest.php" line="89" class="Dantweb\Ecommwatch\Tests\Unit\Framework\Middleware\MigrationTest" classname="Dantweb.Ecommwatch.Tests.Unit.Framework.Middleware.MigrationTest" assertions="0" time="0.000000">
        <error type="PDOException">Dantweb\Ecommwatch\Tests\Unit\Framework\Middleware\MigrationTest::testMigrationForExistingTableWithSchemaChange
PDOException: SQLSTATE[HY000] [2002] No such file or directory

/app/core/src/Framework/Middleware/DatabaseConnector.php:104
/app/core/src/Framework/Middleware/DatabaseConnector.php:68
/app/core/src/Framework/Middleware/DatabaseConnector.php:79
/app/core/tests/Unit/Framework/Middleware/MigrationTest.php:20</error>
      </testcase>
    </testsuite>
    <testsuite name="Dantweb\Ecommwatch\Tests\Unit\Framework\Middleware\RepoFactoryTest" file="/app/core/tests/Unit/Framework/Middleware/RepoFactoryTest.php" tests="6" assertions="0" errors="6" failures="0" skipped="0" time="0.000000">
      <testcase name="testCheckingNonExistingRepo" file="/app/core/tests/Unit/Framework/Middleware/RepoFactoryTest.php" line="34" class="Dantweb\Ecommwatch\Tests\Unit\Framework\Middleware\RepoFactoryTest" classname="Dantweb.Ecommwatch.Tests.Unit.Framework.Middleware.RepoFactoryTest" assertions="0" time="0.000000">
        <error type="PDOException">Dantweb\Ecommwatch\Tests\Unit\Framework\Middleware\RepoFactoryTest::testCheckingNonExistingRepo
PDOException: SQLSTATE[HY000] [2002] No such file or directory

/app/core/src/Framework/Middleware/DatabaseConnector.php:104
/app/core/src/Framework/Middleware/DatabaseConnector.php:68
/app/core/src/Framework/Middleware/DatabaseConnector.php:79
/app/core/tests/Unit/Framework/Middleware/RepoFactoryTest.php:25</error>
      </testcase>
      <testcase name="testRepoHasItems" file="/app/core/tests/Unit/Framework/Middleware/RepoFactoryTest.php" line="45" class="Dantweb\Ecommwatch\Tests\Unit\Framework\Middleware\RepoFactoryTest" classname="Dantweb.Ecommwatch.Tests.Unit.Framework.Middleware.RepoFactoryTest" assertions="0" time="0.000000">
        <error type="PDOException">Dantweb\Ecommwatch\Tests\Unit\Framework\Middleware\RepoFactoryTest::testRepoHasItems
PDOException: SQLSTATE[HY000] [2002] No such file or directory

/app/core/src/Framework/Middleware/DatabaseConnector.php:104
/app/core/src/Framework/Middleware/DatabaseConnector.php:68
/app/core/src/Framework/Middleware/DatabaseConnector.php:79
/app/core/tests/Unit/Framework/Middleware/RepoFactoryTest.php:25</error>
      </testcase>
      <testcase name="testRepoHasItemsWithWhere" file="/app/core/tests/Unit/Framework/Middleware/RepoFactoryTest.php" line="65" class="Dantweb\Ecommwatch\Tests\Unit\Framework\Middleware\RepoFactoryTest" classname="Dantweb.Ecommwatch.Tests.Unit.Framework.Middleware.RepoFactoryTest" assertions="0" time="0.000000">
        <error type="PDOException">Dantweb\Ecommwatch\Tests\Unit\Framework\Middleware\RepoFactoryTest::testRepoHasItemsWithWhere
PDOException: SQLSTATE[HY000] [2002] No such file or directory

/app/core/src/Framework/Middleware/DatabaseConnector.php:104
/app/core/src/Framework/Middleware/DatabaseConnector.php:68
/app/core/src/Framework/Middleware/DatabaseConnector.php:79
/app/core/tests/Unit/Framework/Middleware/RepoFactoryTest.php:25</error>
      </testcase>
      <testcase name="testRepoHasItemsWithConditions" file="/app/core/tests/Unit/Framework/Middleware/RepoFactoryTest.php" line="91" class="Dantweb\Ecommwatch\Tests\Unit\Framework\Middleware\RepoFactoryTest" classname="Dantweb.Ecommwatch.Tests.Unit.Framework.Middleware.RepoFactoryTest" assertions="0" time="0.000000">
        <error type="PDOException">Dantweb\Ecommwatch\Tests\Unit\Framework\Middleware\RepoFactoryTest::testRepoHasItemsWithConditions
PDOException: SQLSTATE[HY000] [2002] No such file or directory

/app/core/src/Framework/Middleware/DatabaseConnector.php:104
/app/core/src/Framework/Middleware/DatabaseConnector.php:68
/app/core/src/Framework/Middleware/DatabaseConnector.php:79
/app/core/tests/Unit/Framework/Middleware/RepoFactoryTest.php:25</error>
      </testcase>
      <testcase name="testRepoReplace" file="/app/core/tests/Unit/Framework/Middleware/RepoFactoryTest.php" line="115" class="Dantweb\Ecommwatch\Tests\Unit\Framework\Middleware\RepoFactoryTest" classname="Dantweb.Ecommwatch.Tests.Unit.Framework.Middleware.RepoFactoryTest" assertions="0" time="0.000000">
        <error type="PDOException">Dantweb\Ecommwatch\Tests\Unit\Framework\Middleware\RepoFactoryTest::testRepoReplace
PDOException: SQLSTATE[HY000] [2002] No such file or directory

/app/core/src/Framework/Middleware/DatabaseConnector.php:104
/app/core/src/Framework/Middleware/DatabaseConnector.php:68
/app/core/src/Framework/Middleware/DatabaseConnector.php:79
/app/core/tests/Unit/Framework/Middleware/RepoFactoryTest.php:25</error>
      </testcase>
      <testcase name="testRepoOperationsWithBulkData" file="/app/core/tests/Unit/Framework/Middleware/RepoFactoryTest.php" line="150" class="Dantweb\Ecommwatch\Tests\Unit\Framework\Middleware\RepoFactoryTest" classname="Dantweb.Ecommwatch.Tests.Unit.Framework.Middleware.RepoFactoryTest" assertions="0" time="0.000000">
        <error type="PDOException">Dantweb\Ecommwatch\Tests\Unit\Framework\Middleware\RepoFactoryTest::testRepoOperationsWithBulkData
PDOException: SQLSTATE[HY000] [2002] No such file or directory

/app/core/src/Framework/Middleware/DatabaseConnector.php:104
/app/core/src/Framework/Middleware/DatabaseConnector.php:68
/app/core/src/Framework/Middleware/DatabaseConnector.php:79
/app/core/tests/Unit/Framework/Middleware/RepoFactoryTest.php:25</error>
      </testcase>
    </testsuite>
    <testsuite name="Dantweb\Ecommwatch\Tests\Unit\Framework\Middleware\RepoWritingModeTest" file="/app/core/tests/Unit/Framework/Middleware/RepoWritingModeTest.php" tests="4" assertions="0" errors="4" failures="0" skipped="0" time="0.000000">
      <testcase name="testSaveNewModelInsertsAndFindsIt" file="/app/core/tests/Unit/Framework/Middleware/RepoWritingModeTest.php" line="45" class="Dantweb\Ecommwatch\Tests\Unit\Framework\Middleware\RepoWritingModeTest" classname="Dantweb.Ecommwatch.Tests.Unit.Framework.Middleware.RepoWritingModeTest" assertions="0" time="0.000000">
        <error type="PDOException">Dantweb\Ecommwatch\Tests\Unit\Framework\Middleware\RepoWritingModeTest::testSaveNewModelInsertsAndFindsIt
PDOException: SQLSTATE[HY000] [2002] No such file or directory

/app/core/src/Framework/Middleware/DatabaseConnector.php:104
/app/core/src/Framework/Middleware/DatabaseConnector.php:68
/app/core/src/Framework/Middleware/DatabaseConnector.php:79
/app/core/tests/Unit/DemoDataImportTrait.php:30
/app/core/tests/Unit/Framework/Middleware/RepoWritingModeTest.php:19</error>
      </testcase>
      <testcase name="testSaveDuplicateWithOverrideUpdatesExisting" file="/app/core/tests/Unit/Framework/Middleware/RepoWritingModeTest.php" line="71" class="Dantweb\Ecommwatch\Tests\Unit\Framework\Middleware\RepoWritingModeTest" classname="Dantweb.Ecommwatch.Tests.Unit.Framework.Middleware.RepoWritingModeTest" assertions="0" time="0.000000">
        <error type="PDOException">Dantweb\Ecommwatch\Tests\Unit\Framework\Middleware\RepoWritingModeTest::testSaveDuplicateWithOverrideUpdatesExisting
PDOException: SQLSTATE[HY000] [2002] No such file or directory

/app/core/src/Framework/Middleware/DatabaseConnector.php:104
/app/core/src/Framework/Middleware/DatabaseConnector.php:68
/app/core/src/Framework/Middleware/DatabaseConnector.php:79
/app/core/tests/Unit/DemoDataImportTrait.php:30
/app/core/tests/Unit/Framework/Middleware/RepoWritingModeTest.php:19</error>
      </testcase>
      <testcase name="testSaveDuplicateWithReportKeepsOriginal" file="/app/core/tests/Unit/Framework/Middleware/RepoWritingModeTest.php" line="98" class="Dantweb\Ecommwatch\Tests\Unit\Framework\Middleware\RepoWritingModeTest" classname="Dantweb.Ecommwatch.Tests.Unit.Framework.Middleware.RepoWritingModeTest" assertions="0" time="0.000000">
        <error type="PDOException">Dantweb\Ecommwatch\Tests\Unit\Framework\Middleware\RepoWritingModeTest::testSaveDuplicateWithReportKeepsOriginal
PDOException: SQLSTATE[HY000] [2002] No such file or directory

/app/core/src/Framework/Middleware/DatabaseConnector.php:104
/app/core/src/Framework/Middleware/DatabaseConnector.php:68
/app/core/src/Framework/Middleware/DatabaseConnector.php:79
/app/core/tests/Unit/DemoDataImportTrait.php:30
/app/core/tests/Unit/Framework/Middleware/RepoWritingModeTest.php:19</error>
      </testcase>
      <testcase name="testSaveDuplicateWithAddIgnoreDuplicatesAlwaysInserts" file="/app/core/tests/Unit/Framework/Middleware/RepoWritingModeTest.php" line="127" class="Dantweb\Ecommwatch\Tests\Unit\Framework\Middleware\RepoWritingModeTest" classname="Dantweb.Ecommwatch.Tests.Unit.Framework.Middleware.RepoWritingModeTest" assertions="0" time="0.000000">
        <error type="PDOException">Dantweb\Ecommwatch\Tests\Unit\Framework\Middleware\RepoWritingModeTest::testSaveDuplicateWithAddIgnoreDuplicatesAlwaysInserts
PDOException: SQLSTATE[HY000] [2002] No such file or directory

/app/core/src/Framework/Middleware/DatabaseConnector.php:104
/app/core/src/Framework/Middleware/DatabaseConnector.php:68
/app/core/src/Framework/Middleware/DatabaseConnector.php:79
/app/core/tests/Unit/DemoDataImportTrait.php:30
/app/core/tests/Unit/Framework/Middleware/RepoWritingModeTest.php:19</error>
      </testcase>
    </testsuite>
    <testsuite name="Dantweb\Ecommwatch\Tests\Unit\Framework\Model\ModelResolverTest" file="/app/core/tests/Unit/Framework/Model/ModelResolverTest.php" tests="7" assertions="0" errors="7" failures="0" skipped="0" time="0.043833">
      <testcase name="testOrderCount2" file="/app/core/tests/Unit/Framework/Model/ModelResolverTest.php" line="21" class="Dantweb\Ecommwatch\Tests\Unit\Framework\Model\ModelResolverTest" classname="Dantweb.Ecommwatch.Tests.Unit.Framework.Model.ModelResolverTest" assertions="0" time="0.005743">
        <error type="PDOException">Dantweb\Ecommwatch\Tests\Unit\Framework\Model\ModelResolverTest::testOrderCount2
PDOException: SQLSTATE[HY000] [2002] No such file or directory

/app/core/src/Framework/Middleware/DatabaseConnector.php:104
/app/core/src/Framework/Middleware/DatabaseConnector.php:68
/app/core/src/Framework/Middleware/DatabaseConnector.php:79
/app/core/src/Framework/Application/AbstractPlugin.php:39
/app/core/src/Framework/Application/PluginManager.php:124
/app/core/src/Framework/Application/PluginManager.php:59
/app/core/src/Framework/Application/PluginManager.php:22
/app/core/src/Framework/Service/ModelResolver.php:136
/app/core/src/Framework/Service/ModelResolver.php:32
/app/core/tests/Unit/Framework/Model/ModelResolverTest.php:25</error>
      </testcase>
      <testcase name="testOrderCount5" file="/app/core/tests/Unit/Framework/Model/ModelResolverTest.php" line="29" class="Dantweb\Ecommwatch\Tests\Unit\Framework\Model\ModelResolverTest" classname="Dantweb.Ecommwatch.Tests.Unit.Framework.Model.ModelResolverTest" assertions="0" time="0.005975">
        <error type="PDOException">Dantweb\Ecommwatch\Tests\Unit\Framework\Model\ModelResolverTest::testOrderCount5
PDOException: SQLSTATE[HY000] [2002] No such file or directory

/app/core/src/Framework/Middleware/DatabaseConnector.php:104
/app/core/src/Framework/Middleware/DatabaseConnector.php:68
/app/core/src/Framework/Middleware/DatabaseConnector.php:79
/app/core/src/Framework/Application/AbstractPlugin.php:39
/app/core/src/Framework/Application/PluginManager.php:124
/app/core/src/Framework/Application/PluginManager.php:59
/app/core/src/Framework/Application/PluginManager.php:22
/app/core/src/Framework/Service/ModelResolver.php:136
/app/core/src/Framework/Service/ModelResolver.php:32
/app/core/tests/Unit/Framework/Model/ModelResolverTest.php:33</error>
      </testcase>
      <testcase name="testOrderCountW" file="/app/core/tests/Unit/Framework/Model/ModelResolverTest.php" line="41" class="Dantweb\Ecommwatch\Tests\Unit\Framework\Model\ModelResolverTest" classname="Dantweb.Ecommwatch.Tests.Unit.Framework.Model.ModelResolverTest" assertions="0" time="0.006063">
        <error type="PDOException">Dantweb\Ecommwatch\Tests\Unit\Framework\Model\ModelResolverTest::testOrderCountW
PDOException: SQLSTATE[HY000] [2002] No such file or directory

/app/core/src/Framework/Middleware/DatabaseConnector.php:104
/app/core/src/Framework/Middleware/DatabaseConnector.php:68
/app/core/src/Framework/Middleware/DatabaseConnector.php:79
/app/core/src/Framework/Application/AbstractPlugin.php:39
/app/core/src/Framework/Application/PluginManager.php:124
/app/core/src/Framework/Application/PluginManager.php:59
/app/core/src/Framework/Application/PluginManager.php:22
/app/core/src/Framework/Service/ModelResolver.php:136
/app/core/src/Framework/Service/ModelResolver.php:32
/app/core/tests/Unit/Framework/Model/ModelResolverTest.php:45</error>
      </testcase>
      <testcase name="testOrderBrutto" file="/app/core/tests/Unit/Framework/Model/ModelResolverTest.php" line="52" class="Dantweb\Ecommwatch\Tests\Unit\Framework\Model\ModelResolverTest" classname="Dantweb.Ecommwatch.Tests.Unit.Framework.Model.ModelResolverTest" assertions="0" time="0.006133">
        <error type="PDOException">Dantweb\Ecommwatch\Tests\Unit\Framework\Model\ModelResolverTest::testOrderBrutto
PDOException: SQLSTATE[HY000] [2002] No such file or directory

/app/core/src/Framework/Middleware/DatabaseConnector.php:104
/app/core/src/Framework/Middleware/DatabaseConnector.php:68
/app/core/src/Framework/Middleware/DatabaseConnector.php:79
/app/core/src/Framework/Application/AbstractPlugin.php:39
/app/core/src/Framework/Application/PluginManager.php:124
/app/core/src/Framework/Application/PluginManager.php:59
/app/core/src/Framework/Application/PluginManager.php:22
/app/core/src/Framework/Service/ModelResolver.php:136
/app/core/src/Framework/Service/ModelResolver.php:32
/app/core/tests/Unit/Framework/Model/ModelResolverTest.php:56</error>
      </testcase>
      <testcase name="testOrdersBruttoPlural" file="/app/core/tests/Unit/Framework/Model/ModelResolverTest.php" line="63" class="Dantweb\Ecommwatch\Tests\Unit\Framework\Model\ModelResolverTest" classname="Dantweb.Ecommwatch.Tests.Unit.Framework.Model.ModelResolverTest" assertions="0" time="0.006615">
        <error type="PDOException">Dantweb\Ecommwatch\Tests\Unit\Framework\Model\ModelResolverTest::testOrdersBruttoPlural
PDOException: SQLSTATE[HY000] [2002] No such file or directory

/app/core/src/Framework/Middleware/DatabaseConnector.php:104
/app/core/src/Framework/Middleware/DatabaseConnector.php:68
/app/core/src/Framework/Middleware/DatabaseConnector.php:79
/app/core/src/Framework/Application/AbstractPlugin.php:39
/app/core/src/Framework/Application/PluginManager.php:124
/app/core/src/Framework/Application/PluginManager.php:59
/app/core/src/Framework/Application/PluginManager.php:22
/app/core/src/Framework/Service/ModelResolver.php:136
/app/core/src/Framework/Service/ModelResolver.php:32
/app/core/tests/Unit/Framework/Model/ModelResolverTest.php:67</error>
      </testcase>
      <testcase name="testUsersNew" file="/app/core/tests/Unit/Framework/Model/ModelResolverTest.php" line="71" class="Dantweb\Ecommwatch\Tests\Unit\Framework\Model\ModelResolverTest" classname="Dantweb.Ecommwatch.Tests.Unit.Framework.Model.ModelResolverTest" assertions="0" time="0.006694">
        <error type="PDOException">Dantweb\Ecommwatch\Tests\Unit\Framework\Model\ModelResolverTest::testUsersNew
PDOException: SQLSTATE[HY000] [2002] No such file or directory

/app/core/src/Framework/Middleware/DatabaseConnector.php:104
/app/core/src/Framework/Middleware/DatabaseConnector.php:68
/app/core/src/Framework/Middleware/DatabaseConnector.php:79
/app/core/src/Framework/Application/AbstractPlugin.php:39
/app/core/src/Framework/Application/PluginManager.php:124
/app/core/src/Framework/Application/PluginManager.php:59
/app/core/src/Framework/Application/PluginManager.php:22
/app/core/src/Framework/Service/ModelResolver.php:136
/app/core/src/Framework/Service/ModelResolver.php:32
/app/core/tests/Unit/Framework/Model/ModelResolverTest.php:75</error>
      </testcase>
      <testcase name="testOrdersNetto" file="/app/core/tests/Unit/Framework/Model/ModelResolverTest.php" line="79" class="Dantweb\Ecommwatch\Tests\Unit\Framework\Model\ModelResolverTest" classname="Dantweb.Ecommwatch.Tests.Unit.Framework.Model.ModelResolverTest" assertions="0" time="0.006610">
        <error type="PDOException">Dantweb\Ecommwatch\Tests\Unit\Framework\Model\ModelResolverTest::testOrdersNetto
PDOException: SQLSTATE[HY000] [2002] No such file or directory

/app/core/src/Framework/Middleware/DatabaseConnector.php:104
/app/core/src/Framework/Middleware/DatabaseConnector.php:68
/app/core/src/Framework/Middleware/DatabaseConnector.php:79
/app/core/src/Framework/Application/AbstractPlugin.php:39
/app/core/src/Framework/Application/PluginManager.php:124
/app/core/src/Framework/Application/PluginManager.php:59
/app/core/src/Framework/Application/PluginManager.php:22
/app/core/src/Framework/Service/ModelResolver.php:136
/app/core/src/Framework/Service/ModelResolver.php:32
/app/core/tests/Unit/Framework/Model/ModelResolverTest.php:83</error>
      </testcase>
    </testsuite>
    <testsuite name="Dantweb\Ecommwatch\Tests\Unit\Framework\Service\ImportServiceTest" file="/app/core/tests/Unit/Framework/Service/ImportServiceTest.php" tests="2" assertions="0" errors="2" failures="0" skipped="0" time="0.000000">
      <testcase name="testImportCsvReturnsCorrectCountAndPersistsRows" file="/app/core/tests/Unit/Framework/Service/ImportServiceTest.php" line="57" class="Dantweb\Ecommwatch\Tests\Unit\Framework\Service\ImportServiceTest" classname="Dantweb.Ecommwatch.Tests.Unit.Framework.Service.ImportServiceTest" assertions="0" time="0.000000">
        <error type="PDOException">Dantweb\Ecommwatch\Tests\Unit\Framework\Service\ImportServiceTest::testImportCsvReturnsCorrectCountAndPersistsRows
PDOException: SQLSTATE[HY000] [2002] No such file or directory

/app/core/src/Framework/Middleware/DatabaseConnector.php:104
/app/core/src/Framework/Middleware/DatabaseConnector.php:68
/app/core/src/Framework/Middleware/DatabaseConnector.php:79
/app/core/tests/Unit/Framework/Service/ImportServiceTest.php:32</error>
      </testcase>
      <testcase name="testImportCsvThrowsIfTableMissing" file="/app/core/tests/Unit/Framework/Service/ImportServiceTest.php" line="78" class="Dantweb\Ecommwatch\Tests\Unit\Framework\Service\ImportServiceTest" classname="Dantweb.Ecommwatch.Tests.Unit.Framework.Service.ImportServiceTest" assertions="0" time="0.000000">
        <error type="PDOException">Dantweb\Ecommwatch\Tests\Unit\Framework\Service\ImportServiceTest::testImportCsvThrowsIfTableMissing
PDOException: SQLSTATE[HY000] [2002] No such file or directory

/app/core/src/Framework/Middleware/DatabaseConnector.php:104
/app/core/src/Framework/Middleware/DatabaseConnector.php:68
/app/core/src/Framework/Middleware/DatabaseConnector.php:79
/app/core/tests/Unit/Framework/Service/ImportServiceTest.php:32</error>
      </testcase>
    </testsuite>
  </testsuite>
</testsuites>
